<?xml version="1.0" encoding="UTF-8"?>
<!-- Generated by org.testng.reporters.JUnitReportReporter -->
<testsuite hostname="alejandrovasquez" failures="0" tests="3" name="YelpTests" time="199.680" errors="0" timestamp="2020-10-26T09:56:50 PET" skipped="0">
  <testcase classname="YelpTests" name="yelpThirdTest" time="65.223"/>
  <system-out/>
  <testcase classname="YelpTests" name="yelpFirstTest" time="69.580"/>
  <system-out/>
  <testcase classname="YelpTests" name="yelpSecondTest" time="64.877"/>
  <system-out/>
</testsuite> <!-- YelpTests -->
